android/app/build/intermediates/manifest_merge_blame_file/debug/manifest-merger-blame-debug-report.txt
1<?xml version="1.0" encoding="utf-8"?>
2<manifest xmlns:android="http://schemas.android.com/apk/res/android"
3    package="com.example.english_learning_app"
4    android:versionCode="1"
5    android:versionName="1.0.0" >
6
7    <uses-sdk
8        android:minSdkVersion="24"
9        android:targetSdkVersion="35" />
10    <!--
11         The INTERNET permission is required for development. Specifically,
12         the Flutter tool needs it to communicate with the running application
13         to allow setting breakpoints, to provide hot reload, etc.
14    -->
15    <uses-permission android:name="android.permission.INTERNET" />
15-->src\debug\AndroidManifest.xml:6:5-66
15-->src\debug\AndroidManifest.xml:6:22-64
16    <uses-permission android:name="android.permission.POST_NOTIFICATIONS" />
16-->src\debug\AndroidManifest.xml:7:5-77
16-->src\debug\AndroidManifest.xml:7:22-74
17    <!-- Quyền sử dụng micro và lưu trữ -->
18    <uses-permission android:name="android.permission.RECORD_AUDIO" />
18-->src\main\AndroidManifest.xml:5:5-70
18-->src\main\AndroidManifest.xml:5:22-68
19    <uses-permission android:name="android.permission.WRITE_EXTERNAL_STORAGE" />
19-->src\main\AndroidManifest.xml:6:5-80
19-->src\main\AndroidManifest.xml:6:22-78
20    <uses-permission android:name="android.permission.READ_EXTERNAL_STORAGE" />
20-->src\main\AndroidManifest.xml:7:5-79
20-->src\main\AndroidManifest.xml:7:22-77
21
22    <queries>
22-->src\main\AndroidManifest.xml:40:5-45:15
23        <intent>
23-->src\main\AndroidManifest.xml:41:9-44:18
24            <action android:name="android.intent.action.PROCESS_TEXT" />
24-->src\main\AndroidManifest.xml:42:13-72
24-->src\main\AndroidManifest.xml:42:21-70
25
26            <data android:mimeType="text/plain" />
26-->src\main\AndroidManifest.xml:43:13-50
26-->src\main\AndroidManifest.xml:43:19-48
27        </intent>
28    </queries>
29
30    <application
31        android:name="android.app.Application"
32        android:debuggable="true"
33        android:extractNativeLibs="false"
34        android:icon="@mipmap/ic_launcher"
35        android:label="english_learning_app" >
36        <activity
37            android:name="com.example.english_learning_app.MainActivity"
38            android:configChanges="orientation|keyboardHidden|keyboard|screenSize|smallestScreenSize|locale|layoutDirection|fontScale|screenLayout|density|uiMode"
39            android:exported="true"
40            android:hardwareAccelerated="true"
41            android:launchMode="singleTop"
42            android:theme="@style/LaunchTheme"
43            android:windowSoftInputMode="adjustResize" >
44            <meta-data
45                android:name="io.flutter.embedding.android.NormalTheme"
46                android:resource="@style/NormalTheme" />
47
48            <intent-filter>
49                <action android:name="android.intent.action.MAIN" />
50
51                <category android:name="android.intent.category.LAUNCHER" />
52            </intent-filter>
53        </activity>
54
55        <receiver
56            android:name="com.dexterous.flutterlocalnotifications.ScheduledNotificationReceiver"
57            android:exported="true" />
58
59        <meta-data
60            android:name="flutterEmbedding"
61            android:value="2" />
62    </application>
63
64</manifest>